<?xml version="1.0" encoding="UTF-8"?>
<testng-results skipped="0" failed="0" ignored="0" total="1" passed="1">
  <reporter-output>
  </reporter-output>
  <suite name="Command line suite" duration-ms="8595" started-at="2020-12-12T14:05:21Z" finished-at="2020-12-12T14:05:30Z">
    <groups>
    </groups>
    <test name="Command line test" duration-ms="8595" started-at="2020-12-12T14:05:21Z" finished-at="2020-12-12T14:05:30Z">
      <class name="com.qa.maintests.GoogleTest">
        <test-method status="PASS" signature="setUp()[pri:0, instance:com.qa.maintests.GoogleTest@6aceb1a5]" name="setUp" is-config="true" duration-ms="746" started-at="2020-12-12T19:35:21Z" finished-at="2020-12-12T19:35:22Z">
          <reporter-output>
          </reporter-output>
        </test-method> <!-- setUp -->
        <test-method status="PASS" signature="testGoogle()[pri:0, instance:com.qa.maintests.GoogleTest@6aceb1a5]" name="testGoogle" duration-ms="7170" started-at="2020-12-12T19:35:22Z" finished-at="2020-12-12T19:35:29Z">
          <reporter-output>
          </reporter-output>
        </test-method> <!-- testGoogle -->
        <test-method status="PASS" signature="tearDown()[pri:0, instance:com.qa.maintests.GoogleTest@6aceb1a5]" name="tearDown" is-config="true" duration-ms="662" started-at="2020-12-12T19:35:29Z" finished-at="2020-12-12T19:35:30Z">
          <reporter-output>
          </reporter-output>
        </test-method> <!-- tearDown -->
      </class> <!-- com.qa.maintests.GoogleTest -->
    </test> <!-- Command line test -->
  </suite> <!-- Command line suite -->
</testng-results>
